<?xml version="1.0" encoding="UTF-8"?>
<testng-results skipped="0" failed="0" ignored="0" total="1" passed="1">
  <reporter-output>
  </reporter-output>
  <suite name="nopcommerce regression suit" duration-ms="22257" started-at="2019-10-18T20:36:17 EET" finished-at="2019-10-18T20:36:40 EET">
    <groups>
    </groups>
    <test name="Test" duration-ms="22257" started-at="2019-10-18T20:36:17 EET" finished-at="2019-10-18T20:36:40 EET">
      <class name="tests.UserRegistrationTest">
        <test-method status="PASS" signature="startDriver(java.lang.String)[pri:0, instance:tests.UserRegistrationTest@5b87ed94]" name="startDriver" is-config="true" duration-ms="47659" started-at="2019-10-18T20:35:30 EET" finished-at="2019-10-18T20:36:17 EET">
          <params>
            <param index="0">
              <value>
                <![CDATA[chrome]]>
              </value>
            </param>
          </params>
          <reporter-output>
          </reporter-output>
        </test-method> <!-- startDriver -->
        <test-method status="PASS" signature="UserRegisterSuccessfully()[pri:0, instance:tests.UserRegistrationTest@5b87ed94]" name="UserRegisterSuccessfully" duration-ms="22205" started-at="2019-10-18T20:36:18 EET" finished-at="2019-10-18T20:36:40 EET">
          <reporter-output>
          </reporter-output>
        </test-method> <!-- UserRegisterSuccessfully -->
        <test-method status="PASS" signature="closeDriver()[pri:0, instance:tests.UserRegistrationTest@5b87ed94]" name="closeDriver" is-config="true" duration-ms="124" started-at="2019-10-18T20:36:40 EET" finished-at="2019-10-18T20:36:40 EET">
          <reporter-output>
          </reporter-output>
        </test-method> <!-- closeDriver -->
      </class> <!-- tests.UserRegistrationTest -->
    </test> <!-- Test -->
  </suite> <!-- nopcommerce regression suit -->
</testng-results>
