<?xml version="1.0" encoding="UTF-8"?>
<testng-results skipped="0" failed="0" ignored="0" total="1" passed="1">
  <reporter-output>
  </reporter-output>
  <suite name="Default suite" duration-ms="6839" started-at="2019-12-24T11:07:05 EET" finished-at="2019-12-24T11:07:12 EET">
    <groups>
    </groups>
    <test name="Default test" duration-ms="6839" started-at="2019-12-24T11:07:05 EET" finished-at="2019-12-24T11:07:12 EET">
      <class name="tests.UserRegistrationTestDDTAndJavaDataFaker">
        <test-method status="PASS" signature="startDriver(java.lang.String)[pri:0, instance:tests.UserRegistrationTestDDTAndJavaDataFaker@62ce72ff]" name="startDriver" is-config="true" duration-ms="12498" started-at="2019-12-24T11:06:53 EET" finished-at="2019-12-24T11:07:05 EET">
          <params>
            <param index="0">
              <value>
                <![CDATA[chrome]]>
              </value>
            </param>
          </params>
          <reporter-output>
          </reporter-output>
        </test-method> <!-- startDriver -->
        <test-method status="PASS" signature="UserRegisterSuccessfully()[pri:1, instance:tests.UserRegistrationTestDDTAndJavaDataFaker@62ce72ff]" name="UserRegisterSuccessfully" duration-ms="6788" started-at="2019-12-24T11:07:05 EET" finished-at="2019-12-24T11:07:12 EET">
          <reporter-output>
          </reporter-output>
        </test-method> <!-- UserRegisterSuccessfully -->
        <test-method status="PASS" signature="ScreenShotOnFailure(org.testng.ITestResult)[pri:0, instance:tests.UserRegistrationTestDDTAndJavaDataFaker@62ce72ff]" name="ScreenShotOnFailure" is-config="true" duration-ms="2" started-at="2019-12-24T11:07:12 EET" finished-at="2019-12-24T11:07:12 EET">
          <params>
            <param index="0">
              <value>
                <![CDATA[[TestResult name=UserRegisterSuccessfully status=SUCCESS method=UserRegistrationTestDDTAndJavaDataFaker.UserRegisterSuccessfully()[pri:1, instance:tests.UserRegistrationTestDDTAndJavaDataFaker@62ce72ff] output={null}]]]>
              </value>
            </param>
          </params>
          <reporter-output>
          </reporter-output>
        </test-method> <!-- ScreenShotOnFailure -->
        <test-method status="PASS" signature="closeDriver()[pri:0, instance:tests.UserRegistrationTestDDTAndJavaDataFaker@62ce72ff]" name="closeDriver" is-config="true" duration-ms="796" started-at="2019-12-24T11:07:12 EET" finished-at="2019-12-24T11:07:13 EET">
          <reporter-output>
          </reporter-output>
        </test-method> <!-- closeDriver -->
      </class> <!-- tests.UserRegistrationTestDDTAndJavaDataFaker -->
    </test> <!-- Default test -->
  </suite> <!-- Default suite -->
</testng-results>
