<?xml version="1.0" encoding="UTF-8"?>
<!-- Generated by org.testng.reporters.JUnitXMLReporter -->
<testsuite hostname="Hadeer.local" ignored="0" name="Default test" tests="4" failures="0" timestamp="2019-10-19T18:08:25 EET" time="13.676" errors="0">
  <testcase name="UserRegisterSuccessfully" time="5.844" classname="tests.ChangePassTest"/>
  <testcase name="changePass" time="3.302" classname="tests.ChangePassTest"/>
  <testcase name="RegisteredUserCanLogout" time="1.654" classname="tests.ChangePassTest"/>
  <testcase name="RegisteredUserCanLogin" time="2.808" classname="tests.ChangePassTest"/>
</testsuite> <!-- Default test -->
